<?xml version="1.0" encoding="UTF-8"?>
<testsuite name="bank.AppTest" tests="1" skipped="0" failures="0" errors="0" timestamp="2021-09-20T11:48:44" hostname="Unknown.gateway" time="0.002">
  <properties/>
  <testcase name="appHasAGreeting()" classname="bank.AppTest" time="0.002"/>
  <system-out><![CDATA[]]></system-out>
  <system-err><![CDATA[]]></system-err>
</testsuite>
