<?xml version="1.0" encoding="UTF-8"?>
<testsuite name="bank.BankTest" tests="7" skipped="0" failures="0" errors="0" timestamp="2021-09-20T11:48:44" hostname="Unknown.gateway" time="0.094">
  <properties/>
  <testcase name="testSetCardStatus()" classname="bank.BankTest" time="0.073"/>
  <testcase name="testRemoveMachine()" classname="bank.BankTest" time="0.007"/>
  <testcase name="testGetAtmList()" classname="bank.BankTest" time="0.004"/>
  <testcase name="testRemoveCard()" classname="bank.BankTest" time="0.001"/>
  <testcase name="testCreateMachine()" classname="bank.BankTest" time="0.003"/>
  <testcase name="testGetCardList()" classname="bank.BankTest" time="0.001"/>
  <testcase name="testCreateNewCard()" classname="bank.BankTest" time="0.001"/>
  <system-out><![CDATA[]]></system-out>
  <system-err><![CDATA[]]></system-err>
</testsuite>
